[INFO] [2026-02-04 06:54:39,161] VisualizationSubscriber: table maps dropped successfully.
[INFO] [2026-02-04 06:54:39,170] VisualizationSubscriber: Maps table created successfully.
[INFO] [2026-02-04 06:54:39,194] VisualizationSubscriber: [35m[CRITICAL] [0m[36m[2026-02-04 06:54:39][0m [1mFmMain.mqtt_connect[0m - connection done.
[INFO] [2026-02-04 06:54:39,206] VisualizationSubscriber: [35m[CRITICAL] [0m[36m[2026-02-04 06:54:39][0m [1mFmMain.interactive_robot_fleet_startup[0m - Available Fleets: []
[INFO] [2026-02-04 06:54:39,232] VisualizationSubscriber: [35m[CRITICAL] [0m[36m[2026-02-04 06:54:39][0m [1mFmMain.on_mqtt_connect[0m - Connected to MQTT broker with result code Success.
[INFO] [2026-02-04 06:54:44,220] VisualizationSubscriber: [35m[CRITICAL] [0m[36m[2026-02-04 06:54:44][0m [1mFmMain.interactive_robot_fleet_startup[0m - Available Fleets: []
[INFO] [2026-02-04 06:54:49,250] VisualizationSubscriber: [35m[CRITICAL] [0m[36m[2026-02-04 06:54:49][0m [1mFmMain.interactive_robot_fleet_startup[0m - Available Fleets: []
[INFO] [2026-02-04 06:54:54,281] VisualizationSubscriber: [35m[CRITICAL] [0m[36m[2026-02-04 06:54:54][0m [1mFmMain.interactive_robot_fleet_startup[0m - Available Fleets: []
[INFO] [2026-02-04 06:54:59,309] VisualizationSubscriber: [35m[CRITICAL] [0m[36m[2026-02-04 06:54:59][0m [1mFmMain.interactive_robot_fleet_startup[0m - Available Fleets: []
[INFO] [2026-02-04 06:55:04,337] VisualizationSubscriber: [35m[CRITICAL] [0m[36m[2026-02-04 06:55:04][0m [1mFmMain.interactive_robot_fleet_startup[0m - Available Fleets: []
[INFO] [2026-02-04 06:55:09,356] VisualizationSubscriber: [35m[CRITICAL] [0m[36m[2026-02-04 06:55:09][0m [1mFmMain.interactive_robot_fleet_startup[0m - Available Fleets: []
[INFO] [2026-02-04 06:55:14,381] VisualizationSubscriber: [35m[CRITICAL] [0m[36m[2026-02-04 06:55:14][0m [1mFmMain.interactive_robot_fleet_startup[0m - Available Fleets: []
[INFO] [2026-02-04 06:55:19,406] VisualizationSubscriber: [35m[CRITICAL] [0m[36m[2026-02-04 06:55:19][0m [1mFmMain.interactive_robot_fleet_startup[0m - Available Fleets: []
[INFO] [2026-02-04 06:55:24,432] VisualizationSubscriber: [35m[CRITICAL] [0m[36m[2026-02-04 06:55:24][0m [1mFmMain.interactive_robot_fleet_startup[0m - Available Fleets: []
[INFO] [2026-02-04 06:55:29,461] VisualizationSubscriber: [35m[CRITICAL] [0m[36m[2026-02-04 06:55:29][0m [1mFmMain.interactive_robot_fleet_startup[0m - Available Fleets: []
[INFO] [2026-02-04 06:55:34,481] VisualizationSubscriber: [35m[CRITICAL] [0m[36m[2026-02-04 06:55:34][0m [1mFmMain.interactive_robot_fleet_startup[0m - Available Fleets: []
[INFO] [2026-02-04 06:55:39,501] VisualizationSubscriber: [35m[CRITICAL] [0m[36m[2026-02-04 06:55:39][0m [1mFmMain.interactive_robot_fleet_startup[0m - Available Fleets: []
[INFO] [2026-02-04 06:55:44,521] VisualizationSubscriber: [35m[CRITICAL] [0m[36m[2026-02-04 06:55:44][0m [1mFmMain.interactive_robot_fleet_startup[0m - Available Fleets: []
[INFO] [2026-02-04 06:55:49,549] VisualizationSubscriber: [35m[CRITICAL] [0m[36m[2026-02-04 06:55:49][0m [1mFmMain.interactive_robot_fleet_startup[0m - Available Fleets: []
[INFO] [2026-02-04 06:55:54,573] VisualizationSubscriber: [35m[CRITICAL] [0m[36m[2026-02-04 06:55:54][0m [1mFmMain.interactive_robot_fleet_startup[0m - Available Fleets: []
[INFO] [2026-02-04 06:55:59,601] VisualizationSubscriber: [35m[CRITICAL] [0m[36m[2026-02-04 06:55:59][0m [1mFmMain.interactive_robot_fleet_startup[0m - Available Fleets: []
[INFO] [2026-02-04 06:56:04,626] VisualizationSubscriber: [35m[CRITICAL] [0m[36m[2026-02-04 06:56:04][0m [1mFmMain.interactive_robot_fleet_startup[0m - Available Fleets: []
[INFO] [2026-02-04 06:57:08,434] VisualizationSubscriber: table maps dropped successfully.
[INFO] [2026-02-04 06:57:08,441] VisualizationSubscriber: Maps table created successfully.
[INFO] [2026-02-04 06:57:08,468] VisualizationSubscriber: [35m[CRITICAL] [0m[36m[2026-02-04 06:57:08][0m [1mFmMain.mqtt_connect[0m - connection done.
[INFO] [2026-02-04 06:57:08,468] VisualizationSubscriber: [35m[CRITICAL] [0m[36m[2026-02-04 06:57:08][0m [1mFmMain.on_mqtt_connect[0m - Connected to MQTT broker with result code Success.
[INFO] [2026-02-04 06:57:08,479] VisualizationSubscriber: [35m[CRITICAL] [0m[36m[2026-02-04 06:57:08][0m [1mFmMain.interactive_robot_fleet_startup[0m - Available Fleets: []
[INFO] [2026-02-04 06:57:13,505] VisualizationSubscriber: [35m[CRITICAL] [0m[36m[2026-02-04 06:57:13][0m [1mFmMain.interactive_robot_fleet_startup[0m - Available Fleets: []
[INFO] [2026-02-04 06:57:18,529] VisualizationSubscriber: [35m[CRITICAL] [0m[36m[2026-02-04 06:57:18][0m [1mFmMain.interactive_robot_fleet_startup[0m - Available Fleets: []
[INFO] [2026-02-04 06:57:23,549] VisualizationSubscriber: [35m[CRITICAL] [0m[36m[2026-02-04 06:57:23][0m [1mFmMain.interactive_robot_fleet_startup[0m - Available Fleets: []
[INFO] [2026-02-04 06:57:28,570] VisualizationSubscriber: [35m[CRITICAL] [0m[36m[2026-02-04 06:57:28][0m [1mFmMain.interactive_robot_fleet_startup[0m - Available Fleets: []
[INFO] [2026-02-04 06:57:33,601] VisualizationSubscriber: [35m[CRITICAL] [0m[36m[2026-02-04 06:57:33][0m [1mFmMain.interactive_robot_fleet_startup[0m - Available Fleets: []
[INFO] [2026-02-04 06:57:38,633] VisualizationSubscriber: [35m[CRITICAL] [0m[36m[2026-02-04 06:57:38][0m [1mFmMain.interactive_robot_fleet_startup[0m - Available Fleets: []
[INFO] [2026-02-04 06:57:43,666] VisualizationSubscriber: [35m[CRITICAL] [0m[36m[2026-02-04 06:57:43][0m [1mFmMain.interactive_robot_fleet_startup[0m - Available Fleets: []
[INFO] [2026-02-04 06:57:48,697] VisualizationSubscriber: [35m[CRITICAL] [0m[36m[2026-02-04 06:57:48][0m [1mFmMain.interactive_robot_fleet_startup[0m - Available Fleets: []
[INFO] [2026-02-04 06:57:53,726] VisualizationSubscriber: [35m[CRITICAL] [0m[36m[2026-02-04 06:57:53][0m [1mFmMain.interactive_robot_fleet_startup[0m - Available Fleets: []
[INFO] [2026-02-04 06:57:58,757] VisualizationSubscriber: [35m[CRITICAL] [0m[36m[2026-02-04 06:57:58][0m [1mFmMain.interactive_robot_fleet_startup[0m - Available Fleets: []
[INFO] [2026-02-04 06:58:03,782] VisualizationSubscriber: [35m[CRITICAL] [0m[36m[2026-02-04 06:58:03][0m [1mFmMain.interactive_robot_fleet_startup[0m - Available Fleets: []
[INFO] [2026-02-04 06:58:08,818] VisualizationSubscriber: [35m[CRITICAL] [0m[36m[2026-02-04 06:58:08][0m [1mFmMain.interactive_robot_fleet_startup[0m - Available Fleets: []
[INFO] [2026-02-04 06:58:13,854] VisualizationSubscriber: [35m[CRITICAL] [0m[36m[2026-02-04 06:58:13][0m [1mFmMain.interactive_robot_fleet_startup[0m - Available Fleets: []
[INFO] [2026-02-04 06:58:18,885] VisualizationSubscriber: [35m[CRITICAL] [0m[36m[2026-02-04 06:58:18][0m [1mFmMain.interactive_robot_fleet_startup[0m - Available Fleets: []
[INFO] [2026-02-04 06:58:23,918] VisualizationSubscriber: [35m[CRITICAL] [0m[36m[2026-02-04 06:58:23][0m [1mFmMain.interactive_robot_fleet_startup[0m - Available Fleets: []
[INFO] [2026-02-04 06:58:28,959] VisualizationSubscriber: [35m[CRITICAL] [0m[36m[2026-02-04 06:58:28][0m [1mFmMain.interactive_robot_fleet_startup[0m - Available Fleets: []
[INFO] [2026-02-04 06:58:33,985] VisualizationSubscriber: [35m[CRITICAL] [0m[36m[2026-02-04 06:58:33][0m [1mFmMain.interactive_robot_fleet_startup[0m - Available Fleets: []
[INFO] [2026-02-04 06:58:39,004] VisualizationSubscriber: [35m[CRITICAL] [0m[36m[2026-02-04 06:58:39][0m [1mFmMain.interactive_robot_fleet_startup[0m - Available Fleets: []
[INFO] [2026-02-04 06:58:44,029] VisualizationSubscriber: [35m[CRITICAL] [0m[36m[2026-02-04 06:58:44][0m [1mFmMain.interactive_robot_fleet_startup[0m - Available Fleets: []
[INFO] [2026-02-04 06:58:49,061] VisualizationSubscriber: [35m[CRITICAL] [0m[36m[2026-02-04 06:58:49][0m [1mFmMain.interactive_robot_fleet_startup[0m - Available Fleets: []
[INFO] [2026-02-04 06:58:54,085] VisualizationSubscriber: [35m[CRITICAL] [0m[36m[2026-02-04 06:58:54][0m [1mFmMain.interactive_robot_fleet_startup[0m - Available Fleets: []
[INFO] [2026-02-04 06:58:59,113] VisualizationSubscriber: [35m[CRITICAL] [0m[36m[2026-02-04 06:58:59][0m [1mFmMain.interactive_robot_fleet_startup[0m - Available Fleets: []
[INFO] [2026-02-04 06:59:04,135] VisualizationSubscriber: [35m[CRITICAL] [0m[36m[2026-02-04 06:59:04][0m [1mFmMain.interactive_robot_fleet_startup[0m - Available Fleets: []
[INFO] [2026-02-04 06:59:09,172] VisualizationSubscriber: [35m[CRITICAL] [0m[36m[2026-02-04 06:59:09][0m [1mFmMain.interactive_robot_fleet_startup[0m - Available Fleets: []
[INFO] [2026-02-04 06:59:14,201] VisualizationSubscriber: [35m[CRITICAL] [0m[36m[2026-02-04 06:59:14][0m [1mFmMain.interactive_robot_fleet_startup[0m - Available Fleets: []
[INFO] [2026-02-04 06:59:19,238] VisualizationSubscriber: [35m[CRITICAL] [0m[36m[2026-02-04 06:59:19][0m [1mFmMain.interactive_robot_fleet_startup[0m - Available Fleets: []
[INFO] [2026-02-04 06:59:24,274] VisualizationSubscriber: [35m[CRITICAL] [0m[36m[2026-02-04 06:59:24][0m [1mFmMain.interactive_robot_fleet_startup[0m - Available Fleets: []
[INFO] [2026-02-04 06:59:29,311] VisualizationSubscriber: [35m[CRITICAL] [0m[36m[2026-02-04 06:59:29][0m [1mFmMain.interactive_robot_fleet_startup[0m - Available Fleets: []
[INFO] [2026-02-04 06:59:34,343] VisualizationSubscriber: [35m[CRITICAL] [0m[36m[2026-02-04 06:59:34][0m [1mFmMain.interactive_robot_fleet_startup[0m - Available Fleets: []
[INFO] [2026-02-04 06:59:39,374] VisualizationSubscriber: [35m[CRITICAL] [0m[36m[2026-02-04 06:59:39][0m [1mFmMain.interactive_robot_fleet_startup[0m - Available Fleets: []
[INFO] [2026-02-04 06:59:44,396] VisualizationSubscriber: [35m[CRITICAL] [0m[36m[2026-02-04 06:59:44][0m [1mFmMain.interactive_robot_fleet_startup[0m - Available Fleets: []
[INFO] [2026-02-04 06:59:49,422] VisualizationSubscriber: [35m[CRITICAL] [0m[36m[2026-02-04 06:59:49][0m [1mFmMain.interactive_robot_fleet_startup[0m - Available Fleets: []
[INFO] [2026-02-04 06:59:54,453] VisualizationSubscriber: [35m[CRITICAL] [0m[36m[2026-02-04 06:59:54][0m [1mFmMain.interactive_robot_fleet_startup[0m - Available Fleets: []
[INFO] [2026-02-04 06:59:59,484] VisualizationSubscriber: [35m[CRITICAL] [0m[36m[2026-02-04 06:59:59][0m [1mFmMain.interactive_robot_fleet_startup[0m - Available Fleets: []
[INFO] [2026-02-04 07:00:04,515] VisualizationSubscriber: [35m[CRITICAL] [0m[36m[2026-02-04 07:00:04][0m [1mFmMain.interactive_robot_fleet_startup[0m - Available Fleets: []
[INFO] [2026-02-04 07:00:09,551] VisualizationSubscriber: [35m[CRITICAL] [0m[36m[2026-02-04 07:00:09][0m [1mFmMain.interactive_robot_fleet_startup[0m - Available Fleets: []
[INFO] [2026-02-04 07:00:14,582] VisualizationSubscriber: [35m[CRITICAL] [0m[36m[2026-02-04 07:00:14][0m [1mFmMain.interactive_robot_fleet_startup[0m - Available Fleets: []
[INFO] [2026-02-04 07:00:19,613] VisualizationSubscriber: [35m[CRITICAL] [0m[36m[2026-02-04 07:00:19][0m [1mFmMain.interactive_robot_fleet_startup[0m - Available Fleets: []
[INFO] [2026-02-04 07:00:24,646] VisualizationSubscriber: [35m[CRITICAL] [0m[36m[2026-02-04 07:00:24][0m [1mFmMain.interactive_robot_fleet_startup[0m - Available Fleets: []
[INFO] [2026-02-04 07:00:29,677] VisualizationSubscriber: [35m[CRITICAL] [0m[36m[2026-02-04 07:00:29][0m [1mFmMain.interactive_robot_fleet_startup[0m - Available Fleets: []
[INFO] [2026-02-04 07:00:34,697] VisualizationSubscriber: [35m[CRITICAL] [0m[36m[2026-02-04 07:00:34][0m [1mFmMain.interactive_robot_fleet_startup[0m - Available Fleets: []
[INFO] [2026-02-04 07:00:39,725] VisualizationSubscriber: [35m[CRITICAL] [0m[36m[2026-02-04 07:00:39][0m [1mFmMain.interactive_robot_fleet_startup[0m - Available Fleets: []
[INFO] [2026-02-04 07:00:44,753] VisualizationSubscriber: [35m[CRITICAL] [0m[36m[2026-02-04 07:00:44][0m [1mFmMain.interactive_robot_fleet_startup[0m - Available Fleets: []
[INFO] [2026-02-04 07:00:49,790] VisualizationSubscriber: [35m[CRITICAL] [0m[36m[2026-02-04 07:00:49][0m [1mFmMain.interactive_robot_fleet_startup[0m - Available Fleets: []
[INFO] [2026-02-04 07:00:52,695] VisualizationSubscriber: [35m[CRITICAL] [0m[36m[2026-02-04 07:00:52][0m [1mFmMain.on_mqtt_disconnect[0m - Disconnected (rc: DisconnectFlags(is_disconnect_packet_from_server=False), Unknown error.). Trying to reconnect.
[INFO] [2026-02-04 07:00:53,780] VisualizationSubscriber: [35m[CRITICAL] [0m[36m[2026-02-04 07:00:53][0m [1mFmMain.on_mqtt_connect[0m - Connected to MQTT broker with result code Success.
[INFO] [2026-02-04 07:00:54,813] VisualizationSubscriber: [35m[CRITICAL] [0m[36m[2026-02-04 07:00:54][0m [1mFmMain.interactive_robot_fleet_startup[0m - Available Fleets: []
[INFO] [2026-02-04 07:00:59,826] VisualizationSubscriber: [35m[CRITICAL] [0m[36m[2026-02-04 07:00:59][0m [1mFmMain.interactive_robot_fleet_startup[0m - Available Fleets: []
[INFO] [2026-02-04 07:01:04,834] VisualizationSubscriber: [35m[CRITICAL] [0m[36m[2026-02-04 07:01:04][0m [1mFmMain.interactive_robot_fleet_startup[0m - Available Fleets: []
[INFO] [2026-02-04 07:01:09,842] VisualizationSubscriber: [35m[CRITICAL] [0m[36m[2026-02-04 07:01:09][0m [1mFmMain.interactive_robot_fleet_startup[0m - Available Fleets: []
